2026-01-03 22:38:37,382 - __main__ - INFO - 策略对比器初始化完成
2026-01-03 22:38:37,383 - __main__ - INFO - ============================================================
2026-01-03 22:38:37,384 - __main__ - INFO - 配置对比
2026-01-03 22:38:37,384 - __main__ - INFO - ============================================================
2026-01-03 22:38:37,384 - __main__ - INFO - 
关键参数差异:
2026-01-03 22:38:37,385 - __main__ - INFO -   max_delta_step: None -> 1
2026-01-03 22:38:37,385 - __main__ - INFO -   eval_metric: auc -> ['auc', 'f1_score']
2026-01-03 22:38:37,386 - __main__ - INFO -   gamma: 0 -> 0.5
2026-01-03 22:38:37,386 - __main__ - INFO -   learning_rate: 0.05 -> 0.03
2026-01-03 22:38:37,387 - __main__ - INFO -   n_estimators: None -> 800
2026-01-03 22:38:37,387 - __main__ - INFO -   subsample: 0.8 -> 0.75
2026-01-03 22:38:37,388 - __main__ - INFO -   colsample_bytree: 0.8 -> 0.7
2026-01-03 22:38:37,388 - __main__ - INFO -   min_child_weight: 1 -> 3
2026-01-03 22:38:37,389 - __main__ - INFO -   scale_pos_weight: 1 -> 2.0
2026-01-03 22:38:37,389 - __main__ - INFO -   early_stopping_rounds: None -> 50
2026-01-03 22:38:37,389 - __main__ - INFO -   max_depth: 6 -> 8
2026-01-03 22:38:37,390 - __main__ - INFO - 
目标召回率: 保守型 -> 进攻型
2026-01-03 22:38:37,390 - __main__ - INFO -   0.80 -> 0.75
2026-01-03 22:38:37,391 - __main__ - INFO - 
目标年化收益: 保守型 -> 进攻型
2026-01-03 22:38:37,391 - __main__ - INFO -   20.0% -> 20.0%
2026-01-03 22:38:37,392 - __main__ - INFO - 
目标最大回撤: 保守型 -> 进攻型
2026-01-03 22:38:37,392 - __main__ - INFO -   -5.0% -> -8.0%
2026-01-03 22:38:37,393 - __main__ - INFO - 
============================================================
2026-01-03 22:38:37,393 - __main__ - INFO - 生成策略对比报告
2026-01-03 22:38:37,394 - __main__ - INFO - ============================================================
2026-01-03 22:38:37,395 - __main__ - INFO - 
对比报告已保存: /workspace/projects/assets/reports/strategy_comparison.json
